<!DOCTYPE html PUBLIC "-//W3C//DTD XHTML 1.1//EN" "http://www.w3.org/TR/xhtml11/DTD/xhtml11.dtd">
<html xmlns="http://www.w3.org/1999/xhtml"><head><title>TestNG Report</title><style type="text/css">table {margin-bottom:10px;border-collapse:collapse;empty-cells:show}th,td {border:1px solid #009;padding:.25em .5em}th {vertical-align:bottom}td {vertical-align:top}table a {font-weight:bold}.stripe td {background-color: #E6EBF9}.num {text-align:right}.passedodd td {background-color: #3F3}.passedeven td {background-color: #0A0}.skippedodd td {background-color: #DDD}.skippedeven td {background-color: #CCC}.failedodd td,.attn {background-color: #F33}.failedeven td,.stripe .attn {background-color: #D00}.stacktrace {white-space:pre;font-family:monospace}.totop {font-size:85%;text-align:center;border-bottom:2px solid #000}</style></head><body><table><tr><th>Test</th><th># Passed</th><th># Skipped</th><th># Failed</th><th>Time (ms)</th><th>Included Groups</th><th>Excluded Groups</th></tr><tr><th colspan="7">Suite</th></tr><tr><td><a href="#t0">Test</a></td><td class="num">0</td><td class="num">0</td><td class="num attn">8</td><td class="num">31</td><td></td><td></td></tr></table><table><thead><tr><th>Class</th><th>Method</th><th>Start</th><th>Time (ms)</th></tr></thead><tbody><tr><th colspan="4">Suite</th></tr></tbody><tbody id="t0"><tr><th colspan="4">Test &#8212; failed</th></tr><tr class="failedeven"><td rowspan="8">Onboarded.Automation.TestCaseFunction</td><td><a href="#m0">CompletedStage</a></td><td rowspan="1">1674478539963</td><td rowspan="1">0</td></tr><tr class="failedeven"><td><a href="#m1">LogoutClient</a></td><td rowspan="1">1674478539967</td><td rowspan="1">0</td></tr><tr class="failedeven"><td><a href="#m2">MainPageClick</a></td><td rowspan="1">1674478539968</td><td rowspan="1">0</td></tr><tr class="failedeven"><td><a href="#m3">OnboardedStage</a></td><td rowspan="1">1674478539978</td><td rowspan="1">0</td></tr><tr class="failedeven"><td><a href="#m4">OpenCandidate</a></td><td rowspan="1">1674478539979</td><td rowspan="1">0</td></tr><tr class="failedeven"><td><a href="#m5">OpenClient</a></td><td rowspan="1">1674478539980</td><td rowspan="1">0</td></tr><tr class="failedeven"><td><a href="#m6">PrintCandidateID</a></td><td rowspan="1">1674478539981</td><td rowspan="1">0</td></tr><tr class="failedeven"><td><a href="#m7">ScrollUpDown</a></td><td rowspan="1">1674478539982</td><td rowspan="1">0</td></tr></tbody></table><h2>Test</h2><h3 id="m0">Onboarded.Automation.TestCaseFunction#CompletedStage</h3><table class="result"><tr><th>Exception</th></tr><tr><td><div class="stacktrace">org.testng.TestNGException: 
Method CompletedStage requires 1 parameters but 0 were supplied in the @Test annotation.
... Removed 23 stack frames</div></td></tr></table><p class="totop"><a href="#summary">back to summary</a></p><h3 id="m1">Onboarded.Automation.TestCaseFunction#LogoutClient</h3><table class="result"><tr><th>Exception</th></tr><tr><td><div class="stacktrace">org.testng.TestNGException: 
Method LogoutClient requires 2 parameters but 0 were supplied in the @Test annotation.
... Removed 23 stack frames</div></td></tr></table><p class="totop"><a href="#summary">back to summary</a></p><h3 id="m2">Onboarded.Automation.TestCaseFunction#MainPageClick</h3><table class="result"><tr><th>Exception</th></tr><tr><td><div class="stacktrace">org.testng.TestNGException: 
Method MainPageClick requires 2 parameters but 0 were supplied in the @Test annotation.
... Removed 23 stack frames</div></td></tr></table><p class="totop"><a href="#summary">back to summary</a></p><h3 id="m3">Onboarded.Automation.TestCaseFunction#OnboardedStage</h3><table class="result"><tr><th>Exception</th></tr><tr><td><div class="stacktrace">org.testng.TestNGException: 
Method OnboardedStage requires 1 parameters but 0 were supplied in the @Test annotation.
... Removed 23 stack frames</div></td></tr></table><p class="totop"><a href="#summary">back to summary</a></p><h3 id="m4">Onboarded.Automation.TestCaseFunction#OpenCandidate</h3><table class="result"><tr><th>Exception</th></tr><tr><td><div class="stacktrace">org.testng.TestNGException: 
Method OpenCandidate requires 1 parameters but 0 were supplied in the @Test annotation.
... Removed 23 stack frames</div></td></tr></table><p class="totop"><a href="#summary">back to summary</a></p><h3 id="m5">Onboarded.Automation.TestCaseFunction#OpenClient</h3><table class="result"><tr><th>Exception</th></tr><tr><td><div class="stacktrace">org.testng.TestNGException: 
Method OpenClient requires 2 parameters but 0 were supplied in the @Test annotation.
... Removed 23 stack frames</div></td></tr></table><p class="totop"><a href="#summary">back to summary</a></p><h3 id="m6">Onboarded.Automation.TestCaseFunction#PrintCandidateID</h3><table class="result"><tr><th>Exception</th></tr><tr><td><div class="stacktrace">org.testng.TestNGException: 
Method PrintCandidateID requires 3 parameters but 0 were supplied in the @Test annotation.
... Removed 23 stack frames</div></td></tr></table><p class="totop"><a href="#summary">back to summary</a></p><h3 id="m7">Onboarded.Automation.TestCaseFunction#ScrollUpDown</h3><table class="result"><tr><th>Exception</th></tr><tr><td><div class="stacktrace">org.testng.TestNGException: 
Method ScrollUpDown requires 2 parameters but 0 were supplied in the @Test annotation.
... Removed 23 stack frames</div></td></tr></table><p class="totop"><a href="#summary">back to summary</a></p></body></html>